-995
-993
-990
-990
-989
-989
-986
-988
-984
-981
-979
-978
-978
-973
-972
-969
-962
-962
-959
-964
-968
-959
-875
-701
-850
-759
-707
-793
-814
-872
-644
-670
-719
-669
-862
-787
-806
-847
-750
-700
-718
-776
-882
-819
-670
-829
-855
-785
-628
-653
-841
-714
-695
-944
-668
-935
-634
-629
-663
-956
-913
-849
-721
-622
-659
-939
-887
-710
-914
-866
-845
-870
-661
-634
-718
-768
-899
-951
-614
-631
-719
-783
-672
-688
-726
-676
-745
-800
-733
-748
-636
-946
-733
-950
-870
-948
-744
-898
-949
-933
-789
-751
-941
-791
-947
-834
-691
-664
-683
-721
-767
-686
-681
-683
-916
-721
-810
-811
-706
-892
-953
-759
-682
-918
-805
-928
-773
-776
-715
-931
-839
-787
-910
-678
-817
-951
-710
-776
-784
-934
-873
-859
-691
-883
-906
-937
-801
-859
-935
-843
-778
-919
-948
-653
-740
-735
-725
-806
-800
-881
-718
-914
-956
-780
-859
-884
-670
-619
-928
-945
-908
-712
-928
-867
-724
-900
-644
-639
-792
-863
-887
-674
-797
-797
-729
-668
-868
-611
398
346
724
-253
616
-293
662
-600
-338
83
-42
-585
274
-295
-545
0
-127
733
-412
747
386
-35
-247
927
378
-88
16
-267
-129
820
962
73
-155
456
-597
-400
125
722
-503
-242
-285
510
36
-261
290
-155
-171
-499
96
-211
98
-478
604
-538
160
196
175
244
456
-551
957
761
-511
90
821
-329
593
32
494
534
-176
-272
50
28
-214
-425
-470
242
328
-248
-594
225
347
-137
894
319
192
982
-183
270
-306
790
-262
480
608
39
149
154
316
-257
-263
778
-49
998
364
899
-602
460
764
-181
-164
-416
837
261
746
55
-483
-153
963
658
-399
-35
525
316
483
54
-333
359
631
860
-560
-256
-444
-129
-601
-296
91
402
-544
-196
681
656
664
-242
989
271
508
403
-119
409
301
314
774
605
981
39
202
798
837
799
807
-534
326
33
745
59
254
520
636
126
6
-181
570
404
666
-407
837
365
-491
-33
-535
716
241
284
859
-598
-246
111
270
-573
-89
837
-28
-217
789
-402
201
-116
-363
631
643
43
995
32
-199
-349
533
-528
902
138
947
483
238
269
824
761
-38
895
908
579
-191
550
826
905
10
250
-595
-88
216
433
804
-263
904
-460
-302
-152
-397
56
-199
440
392
553
393
764
-137
-500
711
549
720
-209
978
934
485
-118
62
582
142
-242
594
-305
-454
-364
-577
960
703
-130
-598
495
-202
-583
801
727
464
451
-130
499
-189
-480
-495
953
587
514
814
-417
633
175
-301
745
-400
298
-261
-271
-367
-268
-48
212
61
298
-60
473
163
-364
280
-198
817
283
403
661
-251
392
364
584
895
548
-492
84
-473
-351
-202
497
861
-566
126
754
-363
428
-581
-60
-555
570
168
736
70
857
416
41
855
-470
453
-16
710
-128
350
-90
-551
758
10
23
143
508
-42
597
478
112
513
509
603
846
801
-562
358
-162
187
-371
-100
198
545
346
-17
69
-160
786
-319
-390
-134
-500
-235
-235
916
-169
867
679
402
-412
544
426
-120
-564
268
-499
743
-161
942
-470
143
-273
-440
565
158
476
230
-428
-549
525
989
92
277
124
333
694
925
439
-482
464
173
541
729
169
-455
256
457
436
-329
-129
777
592
98
703
-285
223
787
739
917
716
123
-214
-252
-456
-424
-9
-155
-461
-171
895
677
-481
255
202
-292
589
876
354
972
985
-339
-607
547
964
396
349
-435
-506
589
822
-418
-84
-595
655
192
-299
251
-503
889
966
639
-564
-249
612
576
673
-103
254
645
833
429
973
801
801
329
-188
-239
494
-489
520
160
770
-549
555
123
262
41
-227
339
4
-260
955
-123
932
724
-57
-610
-393
714
661
262
23
-399
-557
326
281
-398
275
-233
27
461
872
-223
326
436
106
-103
549
532
873
193
-375
-592
683
-152
230
395
747
-229
-480
101
320
935
-584
497
510
688
27
-187
786
321
783
793
355
-598
343
166
-454
-255
-119
-229
-173
-595
299
833
352
588
-596
274
-122
941
-399
163
343
-526
-336
-343
378
-211
413
-404
833
104
218
703
639
69
-414
771
-12
278
-479
647
-161
974
-186
185
124
-434
823
961
-387
648
71
-59
-211
945
82
-448
-79
416
799
286
-308
-549
-411
-387
-136
724
-38
115
614
-400
353
952
977
-582
198
849
-365
455
-511
-338
-456
-313
576
-487
662
410
52
736
-506
-593
-610
835
212
475
150
890
-25
-598
954
94
-60
-347
-41
454
694
-137
958
-104
379
-433
117
424
683
138
-44
442
221
-54
-128
197
-179
508
44
-546
966
-421
381
623
492
90
137
-548
997
14
995
352
-291
-282
-339
406
-334
516
165
270
873
617
39
3
291
240
791
-110
474
-593
32
995
652
954
194
238
982
-186
-276
-202
558
195
274
395
747
998
-144
-460
-387
-385
-476
855
326
13
911
-55
859
175
938
-118
997
-158
-4
924
-191
699
523
-285
-197
199
-384
-521
174
47
-171
542
664
557
-410
-507
424
-348
891
-508
209
367
-533
710
412
247
114
-609
568
-311
537
998
874
413
469
156
285
275
237
60
-6
-466
378
-177
340
-223
795
360
156
-248
919
-51
-107
-94
-602
861
765
608
967
113
868
917
-187
365
461
952
-373
