-998
-997
-992
-991
-988
-987
-986
-983
-981
-981
-976
-975
-975
-973
-972
-956
-955
-955
-953
-949
-947
-934
-933
-931
-931
-923
-864
-914
-800
-896
-847
-856
-920
-792
-879
-816
-839
-841
-800
-887
-824
-821
-849
-798
-813
-856
-888
-817
-784
-838
-852
-785
-825
-904
-873
-820
-884
-830
-908
-817
-787
-786
-825
-781
-726
-779
-727
-757
-745
-760
-771
-735
-717
-730
-775
-736
-726
-763
-741
-712
-642
-621
-677
-700
-661
-675
-695
-630
-690
-650
-665
-657
-626
-693
-666
-711
-620
-71
25
-311
-40
-233
-617
-463
-332
123
-113
237
-271
21
-553
-353
-390
-327
-464
-548
-604
-97
-280
-57
27
-386
244
-112
209
-97
-414
-387
-527
-173
-213
-558
220
84
-339
186
-521
-380
64
198
-437
-126
89
36
-115
-603
-380
112
83
2
95
215
94
-255
-13
42
-517
-542
-161
-363
14
-433
-49
-477
99
-176
-240
-565
-297
-552
-32
-396
235
176
-526
-159
-436
-142
-61
-29
-250
63
-475
76
176
-490
81
-169
99
-234
132
-442
171
-8
-40
-530
-136
-570
239
-314
-512
-191
-270
-570
-67
-461
-396
-385
-330
-508
-159
93
-315
-33
251
1
-479
3
-580
103
-12
240
-598
-546
-108
-572
-515
-446
46
-251
241
-296
-480
-436
153
99
-614
-11
62
-593
-512
-137
-184
116
-16
83
-541
176
207
184
-77
-241
-613
78
-268
-485
41
31
77
-175
-53
-281
100
-124
3
121
-409
-589
-523
72
-95
-571
-43
-203
-261
-336
203
25
-66
-70
-152
170
250
-83
-455
-510
90
11
-301
-436
154
-141
-151
142
-217
98
-147
-612
270
-428
-510
78
-183
-36
238
-175
-542
-37
243
-359
-476
-174
271
716
300
310
482
348
310
539
482
411
407
411
492
497
344
709
853
604
299
487
455
626
670
686
461
288
578
346
775
390
627
502
788
748
321
810
670
575
705
590
811
476
869
405
469
303
689
886
689
609
683
831
385
688
667
386
830
494
308
403
824
397
520
419
719
641
387
403
564
534
706
623
397
829
543
839
504
561
394
343
696
369
878
562
799
446
754
782
600
757
534
539
804
588
525
272
864
513
442
680
663
740
823
533
437
712
555
849
636
895
628
858
757
704
736
849
418
480
630
821
781
399
579
747
520
528
699
743
844
637
397
639
486
866
403
363
663
480
336
387
573
702
288
640
277
534
880
884
818
619
356
411
357
454
885
882
871
455
555
272
687
563
750
888
393
668
838
899
928
905
966
933
906
954
913
949
986
965
934
984
904
947
913
995
928
917
974
900
