-981
-989
-990
-996
-984
-978
-970
-938
-958
-961
-967
-973
-964
-956
-959
-934
-931
-925
-922
-922
-534
-794
-908
-754
-901
-842
-616
-874
-895
-700
-902
-814
-911
-660
-532
-752
-671
-827
-813
-835
-868
-704
-898
-711
-568
-831
-801
-780
-714
-612
-852
-613
-897
-707
-887
-645
-594
-841
-716
-680
-741
-646
-720
-869
-711
-822
-733
-577
-563
-887
-555
-729
-536
-608
-909
-648
-775
-821
-817
-552
-645
-521
-602
-534
-676
-887
-565
-891
-892
-835
-812
-629
-678
-761
-631
-557
-896
-587
-655
-540
-566
-720
-619
-708
-703
-893
-619
-753
-724
-639
-541
-660
-549
-700
-579
-701
-692
-820
-816
-806
-854
-520
-201
-319
-192
-296
-510
-349
-350
-177
-51
-137
14
-53
20
-34
-512
-419
-460
-390
27
-140
-332
-82
15
-89
-379
-129
-249
-78
-231
7
-226
-87
-254
-412
-430
-118
-357
-236
-326
-55
-333
-458
-505
-94
-171
-172
-36
-464
-67
-295
-240
-353
-200
-140
-110
-78
11
-107
0
-468
-309
-170
-7
-424
-170
-232
-30
-365
-163
-463
-344
-28
-43
-33
-442
-116
-506
-80
-496
-386
-210
-165
-302
-149
-491
-491
-103
-463
-221
-329
-292
-424
-449
-483
-307
-206
-63
-221
17
-318
-227
-134
-102
-156
-290
-447
-271
-167
-448
-84
-8
29
-501
-236
-231
-20
-184
-260
-92
-149
-249
-429
-332
-64
-7
-180
-395
-151
-86
-186
-481
-209
-231
-166
-255
-180
-492
-410
-13
33
361
773
146
870
250
257
783
812
439
933
230
344
677
460
106
83
565
192
701
497
108
515
721
607
435
260
947
118
192
362
473
417
98
594
963
817
606
699
771
224
495
873
91
369
923
750
979
417
308
439
659
456
182
245
850
734
103
638
907
873
599
380
933
217
623
47
502
340
310
220
665
402
451
975
65
501
414
832
502
266
109
272
259
442
974
156
519
580
701
948
850
161
580
949
248
461
108
934
512
857
246
877
227
419
587
995
108
291
302
419
281
426
739
289
645
924
69
35
328
632
163
168
47
364
122
578
646
638
41
565
209
473
173
384
184
63
293
698
489
945
894
880
451
203
999
700
303
729
867
341
341
181
875
815
464
237
417
953
452
651
203
474
798
669
141
141
251
195
840
988
262
122
240
486
512
771
694
435
87
628
441
231
956
400
444
782
903
703
982
929
745
406
169
447
347
291
187
280
233
919
661
318
179
857
921
994
440
387
603
164
883
63
996
829
296
839
850
454
599
280
838
228
271
815
744
828
981
356
701
754
721
875
357
929
200
748
369
955
