-997
-993
-986
-986
-983
-983
-981
-981
-971
-969
-968
-967
-964
-962
-960
-956
-953
-950
-949
-948
-943
-931
-928
-928
-927
-927
-925
-923
-920
-917
-914
-914
-911
-910
-906
-904
-903
-897
-895
-892
-888
-887
-883
-875
-875
-872
-869
-868
-868
-867
-861
-860
-856
-855
-853
-852
-851
-850
-848
-847
-847
-840
-836
-836
-835
-835
-832
-829
-827
-827
-825
-823
-823
-823
-814
-813
-811
-810
-808
-806
-802
-801
-799
-796
-794
-791
-789
-789
-784
-783
-781
-778
-778
-777
-773
-771
-771
-770
-770
-767
-761
-761
-758
-756
-750
-748
-741
-739
-739
-736
-732
-731
-730
-726
-724
-720
-718
-717
-717
-715
-713
-710
-709
-709
-705
-702
-699
-696
-694
-692
-688
-686
-684
-680
-679
-679
-678
-678
-678
-676
-673
-672
-672
-669
-668
-667
-667
-664
-662
-661
-661
-658
-657
-657
-648
-645
-645
-642
-638
-633
-632
-631
-630
-627
-624
-623
-616
-616
-615
-614
-614
-613
-611
-609
-606
-604
-601
-598
-598
-597
-594
-589
-586
-585
-583
-582
-580
-579
-576
-575
-574
-567
-567
-566
-564
-561
-560
-560
-559
-557
-555
-555
-551
-548
-548
-546
-545
-540
-538
-531
-530
-529
-519
-517
-516
-506
-503
-498
-498
-494
-494
-491
-489
-488
-484
-478
-477
-476
-472
-472
-467
-465
-461
-461
-461
-461
-457
-453
-453
-452
-452
-451
-451
-450
-446
-442
-425
-425
-423
-422
-420
-405
-399
-399
-397
-395
-392
-390
-388
-386
-384
-384
-378
-377
-374
-374
-364
-358
-355
-353
-340
-337
-336
-335
-334
-332
-332
-327
-324
-320
-317
-315
-315
-314
-312
-311
-300
-298
-295
-293
-288
-287
-286
-280
-275
-273
-273
-271
-271
-271
-269
-266
-260
-258
-258
-256
-251
-247
-246
-242
-242
-240
-238
-235
-231
-231
-228
-227
-226
-226
-225
-225
-222
-218
-218
-217
-209
-208
-207
-207
-206
-202
-199
-199
-198
-197
-195
-194
-190
-188
-188
-184
-180
-179
-178
-177
-176
-170
-170
-170
-168
-166
-164
-162
-162
-161
-160
-155
-154
-151
-151
-150
-148
-142
-140
-137
-134
-133
-132
-125
-120
-118
-118
-117
-111
-110
-108
-106
-101
-96
-93
-89
-89
-81
-79
-77
-77
-74
-72
-70
-68
-68
-66
-65
-61
-60
-55
-54
-53
-51
-48
-47
-45
-36
-36
-33
-32
-32
-27
-25
-20
-16
-13
-11
-9
-9
-9
-9
-8
-5
-1
3
5
8
22
23
26
31
32
39
46
48
50
53
53
55
56
58
60
62
64
74
78
79
79
82
87
90
92
93
94
96
97
98
108
111
114
120
120
123
125
126
128
130
131
131
133
133
138
140
141
141
141
148
148
155
157
159
160
163
164
166
173
178
180
183
187
188
192
194
196
198
200
207
208
212
214
215
215
218
222
225
225
233
236
236
238
239
242
242
245
246
254
259
262
262
265
266
267
270
273
274
274
275
275
276
286
288
288
297
299
300
300
307
311
311
312
314
317
317
318
319
322
324
325
327
328
330
331
337
342
342
345
345
347
350
350
354
355
358
360
360
366
369
370
371
375
380
381
991
748
567
512
836
865
413
945
939
637
920
645
667
589
988
654
777
590
951
506
406
920
390
571
543
425
979
901
863
667
642
978
690
455
788
441
489
823
614
383
829
548
758
946
858
806
582
842
486
534
413
801
420
546
977
973
515
885
648
719
496
771
649
384
836
694
424
973
927
414
817
965
933
896
775
968
745
511
690
591
415
597
514
971
755
710
642
601
680
827
396
865
893
420
449
965
981
389
561
927
454
400
714
656
739
409
615
804
686
752
892
391
950
635
820
530
712
472
542
600
980
479
901
692
806
631
429
570
700
529
653
448
794
842
904
989
901
525
507
826
830
398
952
429
803
442
740
465
555
803
598
578
625
592
510
944
952
603
939
566
610
854
469
459
833
655
419
677
635
925
597
430
458
925
807
948
873
730
621
566
909
471
871
510
831
675
970
654
712
646
651
875
623
381
655
529
828
514
533
604
421
424
954
671
634
839
509
612
381
429
896
643
930
856
496
663
653
759
863
999
911
748
883
712
500
505
463
887
787
733
482
