-87
-82
-86
-80
-52
-85
-66
-80
-68
0
-40
-51
-70
-33
-31
-73
-15
-21
-63
24
3
-14
29
-22
-51
-38
-49
9
-1
-15
8
86
-47
47
116
-17
1
-49
-27
154
49
12
206
18
12
97
63
116
177
-3
122
-29
20
25
15
12
59
251
64
74
25
333
12
90
90
13
-3
61
116
190
267
-15
-6
440
114
22
130
19
-1
267
233
250
183
91
22
214
396
141
571
85
215
126
135
111
69
168
359
302
440
79
8
467
176
222
310
151
44
43
186
243
29
226
27
157
104
457
574
75
193
100
582
66
257
447
713
74
301
169
359
532
341
32
185
29
558
152
294
179
654
316
255
534
270
356
-14
125
155
451
670
191
159
64
75
253
222
52
119
228
320
376
708
355
391
526
458
287
279
311
222
186
352
644
419
592
418
415
437
596
642
363
163
242
419
290
548
511
228
139
430
224
132
250
650
388
452
337
475
641
490
557
312
689
61
737
650
187
492
453
286
421
548
264
480
419
754
157
91
415
210
256
350
268
310
331
425
46
440
268
193
676
573
489
507
730
733
272
110
727
455
235
774
641
586
200
614
753
358
942
907
819
822
133
418
395
651
912
469
965
466
576
853
407
387
475
414
720
501
54
44
919
940
227
895
418
669
926
185
671
775
343
361
992
364
784
734
784
792
947
375
657
90
612
620
596
554
475
823
680
846
646
990
161
895
183
664
507
291
843
615
616
509
308
869
334
444
856
596
791
808
475
978
992
993
369
432
538
783
738
555
959
549
504
778
655
834
772
967
786
840
893
906
880
662
754
854
576
647
908
983
547
539
720
764
788
576
884
952
842
917
573
512
712
234
510
441
561
898
404
767
768
727
657
992
934
991
527
627
483
760
999
323
203
506
339
681
861
937
764
726
718
578
673
991
589
943
780
855
643
959
748
879
361
614
860
834
489
856
799
904
806
706
477
911
853
631
474
897
437
744
786
524
668
738
337
838
490
828
855
835
789
862
418
