-1000
-999
-999
-990
-987
-985
-984
-984
-984
-983
-983
-981
-978
-975
-974
-973
-972
-972
-968
-966
-965
-964
-963
-963
-961
-959
-956
-955
-953
-953
-952
-949
-946
-941
-943
-940
-930
-938
-934
-929
-939
-935
-930
-929
-341
-70
-859
-261
-606
-560
-213
-766
-901
-386
-540
-273
-482
-739
-197
-87
-458
-470
-274
-291
-502
-265
-294
-695
-910
-376
-80
-688
-457
-329
-78
-525
-860
-519
-748
-246
-145
-817
-648
-451
-253
-689
-450
-274
-741
-410
-187
-104
-222
-884
-788
-554
-621
-64
-753
-238
-821
-529
-561
-583
-128
-171
-710
-30
-206
-597
-371
-415
-684
-673
-262
-596
-881
-50
-563
-415
-503
-142
-339
-424
-835
-696
-178
-845
-850
-812
-866
-375
-12
-216
-376
-225
-448
-258
-211
-387
-463
-445
-512
-472
-186
-399
-40
-647
-863
-709
-761
-288
-245
-674
-622
-309
-625
-544
-140
-78
-172
-178
-312
-336
-925
-553
-702
-833
-808
-347
-467
-67
-188
-401
-800
-157
-42
-855
-463
-928
-41
-641
-22
-584
-888
-20
-126
-514
-896
-49
-867
-726
-412
-716
-649
-276
-107
-215
-252
-669
-681
-229
-798
-548
-823
-202
-11
-273
-681
-368
-700
-913
-97
-95
-181
-683
-91
-639
-116
-536
-92
-611
-135
-710
-753
-726
-498
-808
-460
-681
-744
-895
-805
-807
-21
-857
-608
-110
-523
-475
-17
-843
-655
-552
-852
-55
-652
-153
-302
-726
-452
-684
-162
-207
-95
-486
-672
-883
-636
-253
-760
-463
-88
-649
-132
-424
-629
-272
-125
-499
-559
-851
-353
-584
-420
-633
-43
-847
-357
-531
-505
-308
-816
-902
-359
-230
-181
-206
-411
-408
-385
-559
-165
-923
-106
-857
-274
-22
-256
-125
-771
-527
-683
-193
-876
-698
-741
-748
-169
-828
-367
-807
-222
-761
-61
-278
-744
-461
-406
-691
-500
-145
-683
-415
-250
-283
-807
-714
-437
-419
-93
-450
-141
-813
-436
-919
-617
-125
-723
-817
-135
-581
-901
-886
-261
-519
-110
-256
-605
-817
-515
-642
-419
-215
-42
-466
-597
-883
-793
-125
-635
-273
-237
-565
-797
-292
-146
-707
-746
-87
-157
-49
-578
-184
-680
-840
-387
-409
-321
-775
-218
-235
-315
-423
-129
-546
-805
-341
-440
-335
-153
-861
-927
-490
-710
-166
-591
-76
-545
-520
-330
-110
-764
-393
-164
-108
-258
-720
-349
-299
-377
-299
-645
-356
-897
-31
-53
-106
-275
-154
-528
-547
-15
-485
-758
-683
-247
-765
-100
-585
-820
-881
-925
-59
-588
-574
-759
-397
-144
-539
-909
-579
-856
-847
-800
-700
-444
-8
-631
-558
-364
-250
-412
-830
-57
-424
-543
-345
-73
-927
-662
-415
-835
-832
-287
-784
-251
-626
-143
-624
-516
-357
-159
-906
-55
-854
-51
-580
-686
-811
-810
-714
-839
-794
-196
-632
-689
-201
-69
-259
-908
-617
-468
-308
-337
-280
-485
-504
-508
-219
-660
-486
-519
-130
-851
-829
-875
-12
-620
-832
-227
-5
16
6
19
0
8
6
2
16
9
12
-3
16
19
1
-2
19
755
686
747
178
686
359
101
317
578
874
624
446
748
778
576
450
905
193
333
183
625
856
948
203
183
439
857
60
287
663
852
346
908
416
485
740
937
868
307
677
49
312
371
278
892
510
296
876
809
992
335
455
323
616
104
879
958
415
493
713
936
238
287
116
525
760
233
389
508
908
718
653
40
725
804
654
146
849
194
563
829
871
82
23
422
79
142
482
38
670
789
426
41
920
95
814
186
365
581
179
153
440
64
568
160
479
488
372
844
691
399
223
265
957
762
551
510
129
685
222
382
213
908
99
903
681
203
392
261
926
170
127
406
88
865
170
518
411
78
423
84
470
305
267
556
732
441
657
459
71
276
220
507
349
837
937
105
573
882
391
166
357
404
335
45
755
724
215
571
41
157
293
332
253
331
147
222
98
592
381
823
268
23
239
750
696
417
404
558
621
429
465
284
45
462
909
549
554
574
813
410
445
564
934
613
809
109
131
239
121
872
363
241
577
661
639
912
821
261
930
45
732
163
880
649
345
180
189
25
916
568
767
45
805
562
196
965
34
852
482
207
532
834
994
903
773
292
358
264
364
542
301
260
276
47
793
636
756
830
820
360
259
91
493
319
927
894
866
226
855
554
691
841
955
558
634
879
980
108
305
625
802
767
63
699
440
136
328
25
145
626
730
577
145
375
79
770
801
793
332
894
899
957
146
462
262
780
789
716
752
51
886
760
586
600
775
563
485
954
524
836
404
573
344
438
244
69
730
149
497
969
295
39
603
782
32
259
806
634
342
192
965
973
68
88
531
758
149
604
884
283
264
158
335
689
999
622
498
954
791
323
412
623
151
108
484
304
289
718
687
715
94
38
778
464
49
37
853
937
886
316
109
890
785
291
813
996
542
336
142
474
292
331
638
900
196
450
464
290
606
237
308
692
36
361
971
416
77
839
854
669
234
643
937
454
312
394
412
307
56
547
673
920
861
687
263
632
987
947
771
935
830
968
939
940
53
147
643
261
852
936
610
565
630
889
743
643
291
638
46
197
114
781
53
299
315
40
330
919
548
114
283
103
733
497
55
328
241
977
542
86
488
